<?xml version="1.0" encoding="UTF-8"?>
<testsuites name="Webassign" time="47" tests="0" failures="1" errors="0">
   <testsuite name="Webassign" tests="0" failures="1" errors="0" time="47" timestamp="2018-02-26 16:19:08" hostname="12107 - 172.16.252.234" id="Test Suites/Webassign">
      <properties>
         <property name="deviceName" value=""/>
         <property name="devicePlatform" value=""/>
         <property name="logFolder" value="C:\\Users\\12107\\git\\Mytest\\Reports\\Webassign\\20180226_161906"/>
         <property name="logFiles" value="C:\\Users\\12107\\git\\Mytest\\Reports\\Webassign\\20180226_161906\\execution0.log"/>
         <property name="attachments" value="C:\\Users\\12107\\git\\Mytest\\Reports\\Webassign\\20180226_161906\\1519679995031.png"/>
         <property name="hostName" value="12107 - 172.16.252.234"/>
         <property name="os" value="Windows 10 64bit"/>
         <property name="katalonVersion" value="5.3.0.1"/>
         <property name="browser" value="Chrome 63.0.3239.132"/>
         <property name="hostAddress" value="172.16.252.234"/>
         <property name="sessionId" value="878a0266b88e0f91cd0b531032aebe85"/>
         <property name="seleniumVersion" value="3.7.1"/>
         <property name="proxyInformation" value="ProxyInformation{proxyOption=NO_PROXY, proxyServerType=HTTP, password=, proxyServerAddress=, proxyServerPort=0}"/>
         <property name="platform" value="Windows 10"/>
      </properties>
      <testcase name="Test Cases/WebAssign_NewUser" classname="Test Cases/WebAssign_NewUser" status="FAILED">
         <failure type="FAILED" message="Unable to click on object 'Object Repository/Webassign_creation/Page_WebAssign/button_Create Account_1' (Root cause: com.kms.katalon.core.webui.exception.WebElementNotFoundException: Web element with id: 'Object Repository/Webassign_creation/Page_WebAssign/button_Create Account_1' located by 'By.xpath: //button[(text() = '
            Create Account
        ' or . = '
            Create Account
        ')]' not found)"/>
         <system-out><![CDATA[2018-02-26 16:19:09 - [TEST_CASE][FAILED] - Test Cases/WebAssign_NewUser: Test Cases/WebAssign_NewUser FAILED because (of) Unable to click on object 'Object Repository/Webassign_creation/Page_WebAssign/button_Create Account_1' (Root cause: com.kms.katalon.core.webui.exception.WebElementNotFoundException: Web element with id: 'Object Repository/Webassign_creation/Page_WebAssign/button_Create Account_1' located by 'By.xpath: //button[(text() = '
            Create Account
        ' or . = '
            Create Account
        ')]' not found)

2018-02-26 16:19:09 - [TEST_STEP][PASSED] - openBrowser: Browser is opened with url: ''

2018-02-26 16:19:14 - [MESSAGE][PASSED] - Browser is opened with url: ''

2018-02-26 16:19:14 - [TEST_STEP][PASSED] - navigateToUrl: Navigate to 'https://staging.webassign.net/wa-auth/login' successfully

2018-02-26 16:19:17 - [MESSAGE][PASSED] - Navigate to 'https://staging.webassign.net/wa-auth/login' successfully

2018-02-26 16:19:17 - [TEST_STEP][PASSED] - click: Object: 'Object Repository/Webassign_creation/Page_WebAssign/a_Enter class key' is clicked on

2018-02-26 16:19:18 - [MESSAGE][PASSED] - Object: 'Object Repository/Webassign_creation/Page_WebAssign/a_Enter class key' is clicked on

2018-02-26 16:19:18 - [TEST_STEP][PASSED] - click: Object: 'Object Repository/Webassign_creation/Page_WebAssign/div_Enroll With Class Key' is clicked on

2018-02-26 16:19:19 - [MESSAGE][PASSED] - Object: 'Object Repository/Webassign_creation/Page_WebAssign/div_Enroll With Class Key' is clicked on

2018-02-26 16:19:19 - [TEST_STEP][PASSED] - setText: Text 'webassign' is set on object 'Object Repository/Webassign_creation/Page_WebAssign/input_institution'

2018-02-26 16:19:19 - [MESSAGE][PASSED] - Text 'webassign' is set on object 'Object Repository/Webassign_creation/Page_WebAssign/input_institution'

2018-02-26 16:19:19 - [TEST_STEP][PASSED] - setText: Text '1062' is set on object 'Object Repository/Webassign_creation/Page_WebAssign/input_first'

2018-02-26 16:19:19 - [MESSAGE][PASSED] - Text '1062' is set on object 'Object Repository/Webassign_creation/Page_WebAssign/input_first'

2018-02-26 16:19:19 - [TEST_STEP][PASSED] - setText: Text '7950' is set on object 'Object Repository/Webassign_creation/Page_WebAssign/input_second'

2018-02-26 16:19:19 - [MESSAGE][PASSED] - Text '7950' is set on object 'Object Repository/Webassign_creation/Page_WebAssign/input_second'

2018-02-26 16:19:20 - [TEST_STEP][PASSED] - click: Object: 'Object Repository/Webassign_creation/Page_WebAssign/button_Enroll' is clicked on

2018-02-26 16:19:20 - [MESSAGE][PASSED] - Object: 'Object Repository/Webassign_creation/Page_WebAssign/button_Enroll' is clicked on

2018-02-26 16:19:20 - [TEST_STEP][PASSED] - click: Object: 'Object Repository/Webassign_creation/Page_WebAssign/button_Yes this is my class' is clicked on

2018-02-26 16:19:20 - [MESSAGE][PASSED] - Object: 'Object Repository/Webassign_creation/Page_WebAssign/button_Yes this is my class' is clicked on

2018-02-26 16:19:20 - [TEST_STEP][PASSED] - click: Object: 'Object Repository/Webassign_creation/Page_WebAssign/button_Create Account' is clicked on

2018-02-26 16:19:21 - [MESSAGE][PASSED] - Object: 'Object Repository/Webassign_creation/Page_WebAssign/button_Create Account' is clicked on

2018-02-26 16:19:21 - [TEST_STEP][PASSED] - setText: Text 'testwebassign1211@mailinator.com' is set on object 'Object Repository/Webassign_creation/Page_WebAssign/input_email'

2018-02-26 16:19:21 - [MESSAGE][PASSED] - Text 'testwebassign1211@mailinator.com' is set on object 'Object Repository/Webassign_creation/Page_WebAssign/input_email'

2018-02-26 16:19:21 - [TEST_STEP][PASSED] - setText: Text 'test' is set on object 'Object Repository/Webassign_creation/Page_WebAssign/input_firstName'

2018-02-26 16:19:21 - [MESSAGE][PASSED] - Text 'test' is set on object 'Object Repository/Webassign_creation/Page_WebAssign/input_firstName'

2018-02-26 16:19:21 - [TEST_STEP][PASSED] - setText: Text 'webassign' is set on object 'Object Repository/Webassign_creation/Page_WebAssign/input_lastName'

2018-02-26 16:19:21 - [MESSAGE][PASSED] - Text 'webassign' is set on object 'Object Repository/Webassign_creation/Page_WebAssign/input_lastName'

2018-02-26 16:19:21 - [TEST_STEP][PASSED] - setText: Text 'Password1' is set on object 'Object Repository/Webassign_creation/Page_WebAssign/input_password'

2018-02-26 16:19:22 - [MESSAGE][PASSED] - Text 'Password1' is set on object 'Object Repository/Webassign_creation/Page_WebAssign/input_password'

2018-02-26 16:19:22 - [TEST_STEP][PASSED] - setText: Text 'Password1' is set on object 'Object Repository/Webassign_creation/Page_WebAssign/input_confirmPassword'

2018-02-26 16:19:22 - [MESSAGE][PASSED] - Text 'Password1' is set on object 'Object Repository/Webassign_creation/Page_WebAssign/input_confirmPassword'

2018-02-26 16:19:22 - [TEST_STEP][PASSED] - click: Object: 'Object Repository/Webassign_creation/Page_WebAssign/input_agreed' is clicked on

2018-02-26 16:19:22 - [MESSAGE][PASSED] - Object: 'Object Repository/Webassign_creation/Page_WebAssign/input_agreed' is clicked on

2018-02-26 16:19:22 - [TEST_STEP][PASSED] - click: Object: 'Object Repository/Webassign_creation/Page_WebAssign/button_Create Account_1' is clicked on

2018-02-26 16:19:22 - [MESSAGE][PASSED] - Object: 'Object Repository/Webassign_creation/Page_WebAssign/button_Create Account_1' is clicked on

2018-02-26 16:19:22 - [TEST_STEP][FAILED] - click: Unable to click on object 'Object Repository/Webassign_creation/Page_WebAssign/button_Create Account_1' (Root cause: com.kms.katalon.core.webui.exception.WebElementNotFoundException: Web element with id: 'Object Repository/Webassign_creation/Page_WebAssign/button_Create Account_1' located by 'By.xpath: //button[(text() = '
            Create Account
        ' or . = '
            Create Account
        ')]' not found)

2018-02-26 16:19:55 - [MESSAGE][FAILED] - Unable to click on object 'Object Repository/Webassign_creation/Page_WebAssign/button_Create Account_1' (Root cause: com.kms.katalon.core.webui.exception.WebElementNotFoundException: Web element with id: 'Object Repository/Webassign_creation/Page_WebAssign/button_Create Account_1' located by 'By.xpath: //button[(text() = '
            Create Account
        ' or . = '
            Create Account
        ')]' not found)
[[ATTACHMENT|C:\\Users\\12107\\git\\Mytest\\Reports\\Webassign\\20180226_161906\\1519679995031.png]]]]></system-out>
         <system-err><![CDATA[2018-02-26 16:19:09 - [TEST_CASE][FAILED] - Test Cases/WebAssign_NewUser: Test Cases/WebAssign_NewUser FAILED because (of) Unable to click on object 'Object Repository/Webassign_creation/Page_WebAssign/button_Create Account_1' (Root cause: com.kms.katalon.core.webui.exception.WebElementNotFoundException: Web element with id: 'Object Repository/Webassign_creation/Page_WebAssign/button_Create Account_1' located by 'By.xpath: //button[(text() = '
            Create Account
        ' or . = '
            Create Account
        ')]' not found)]]></system-err>
      </testcase>
      <system-out><![CDATA[2018-02-26 16:19:08 - [TEST_SUITE][FAILED] - Webassign: Test Cases/WebAssign_NewUser FAILED because (of) Unable to click on object 'Object Repository/Webassign_creation/Page_WebAssign/button_Create Account_1' (Root cause: com.kms.katalon.core.webui.exception.WebElementNotFoundException: Web element with id: 'Object Repository/Webassign_creation/Page_WebAssign/button_Create Account_1' located by 'By.xpath: //button[(text() = '
            Create Account
        ' or . = '
            Create Account
        ')]' not found)]]></system-out>
      <system-err><![CDATA[2018-02-26 16:19:08 - [TEST_SUITE][FAILED] - Webassign: Test Cases/WebAssign_NewUser FAILED because (of) Unable to click on object 'Object Repository/Webassign_creation/Page_WebAssign/button_Create Account_1' (Root cause: com.kms.katalon.core.webui.exception.WebElementNotFoundException: Web element with id: 'Object Repository/Webassign_creation/Page_WebAssign/button_Create Account_1' located by 'By.xpath: //button[(text() = '
            Create Account
        ' or . = '
            Create Account
        ')]' not found)]]></system-err>
   </testsuite>
</testsuites>
