<?xml version="1.0" encoding="UTF-8"?>
<testsuites name="SmokeTestCases" time="7" tests="0" failures="0" errors="1">
   <testsuite name="SmokeTestCases" tests="0" failures="0" errors="1" time="7" timestamp="2018-03-05 14:59:23" hostname="jsubramani - COGNICOMPRJ-V7.corp.local" id="Test Suites/SmokeTestCases">
      <properties>
         <property name="deviceName" value=""/>
         <property name="devicePlatform" value=""/>
         <property name="logFolder" value="C:\\Users\\jsubramani\\git\\Mytest\\Reports\\SmokeTestCases\\20180305_145919"/>
         <property name="logFiles" value="C:\\Users\\jsubramani\\git\\Mytest\\Reports\\SmokeTestCases\\20180305_145919\\execution0.log"/>
         <property name="attachments" value=""/>
         <property name="hostName" value="jsubramani - COGNICOMPRJ-V7.corp.local"/>
         <property name="os" value="Windows 7 64bit"/>
         <property name="katalonVersion" value="5.3.1.1"/>
         <property name="browser" value="Chrome 64.0.3282.186"/>
         <property name="hostAddress" value="10.161.127.80"/>
         <property name="sessionId" value="672fe9610cb6b1cecd9b8018f4a3fbaf"/>
         <property name="seleniumVersion" value="3.7.1"/>
         <property name="proxyInformation" value="ProxyInformation{proxyOption=NO_PROXY, proxyServerType=HTTP, password=, proxyServerAddress=, proxyServerPort=0}"/>
         <property name="platform" value="Windows 7"/>
      </properties>
      <testcase name="Test Cases/WebAssign_NewUser" classname="Test Cases/WebAssign_NewUser" status="ERROR">
         <error type="ERROR" message="Test Cases/WebAssign_NewUser FAILED because (of) groovy.lang.MissingMethodException: No signature of method: Script1519678667076$_run_closure1.call() is applicable for argument types: (java.util.ArrayList, java.lang.Integer) values: [[A, B, C, D, E, F, G, H, I, J, K, L, M, N, O, P, Q, R, S, T, ...], ...]
Possible solutions: any(), any(), doCall(java.lang.String, int), dump(), find(), collect()"/>
         <system-out><![CDATA[2018-03-05 14:59:23 - [TEST_CASE][ERROR] - Test Cases/WebAssign_NewUser: Test Cases/WebAssign_NewUser FAILED because (of) groovy.lang.MissingMethodException: No signature of method: Script1519678667076$_run_closure1.call() is applicable for argument types: (java.util.ArrayList, java.lang.Integer) values: [[A, B, C, D, E, F, G, H, I, J, K, L, M, N, O, P, Q, R, S, T, ...], ...]
Possible solutions: any(), any(), doCall(java.lang.String, int), dump(), find(), collect()

2018-03-05 14:59:24 - [TEST_STEP][PASSED] - openBrowser: Browser is opened with url: ''

2018-03-05 14:59:29 - [MESSAGE][PASSED] - Browser is opened with url: ''

2018-03-05 14:59:29 - [TEST_STEP][PASSED] - Statement - generator = { java.lang.String alphabet, int n -> ... }: null

2018-03-05 14:59:29 - [TEST_STEP][PASSED] - Statement - va = generator.call((A..Z) + (0..9).join(), 9): null]]></system-out>
         <system-err><![CDATA[2018-03-05 14:59:23 - [TEST_CASE][ERROR] - Test Cases/WebAssign_NewUser: Test Cases/WebAssign_NewUser FAILED because (of) groovy.lang.MissingMethodException: No signature of method: Script1519678667076$_run_closure1.call() is applicable for argument types: (java.util.ArrayList, java.lang.Integer) values: [[A, B, C, D, E, F, G, H, I, J, K, L, M, N, O, P, Q, R, S, T, ...], ...]
Possible solutions: any(), any(), doCall(java.lang.String, int), dump(), find(), collect()]]></system-err>
      </testcase>
      <system-out><![CDATA[2018-03-05 14:59:23 - [TEST_SUITE][ERROR] - SmokeTestCases: Test Cases/WebAssign_NewUser FAILED because (of) groovy.lang.MissingMethodException: No signature of method: Script1519678667076$_run_closure1.call() is applicable for argument types: (java.util.ArrayList, java.lang.Integer) values: [[A, B, C, D, E, F, G, H, I, J, K, L, M, N, O, P, Q, R, S, T, ...], ...]
Possible solutions: any(), any(), doCall(java.lang.String, int), dump(), find(), collect()]]></system-out>
      <system-err><![CDATA[2018-03-05 14:59:23 - [TEST_SUITE][ERROR] - SmokeTestCases: Test Cases/WebAssign_NewUser FAILED because (of) groovy.lang.MissingMethodException: No signature of method: Script1519678667076$_run_closure1.call() is applicable for argument types: (java.util.ArrayList, java.lang.Integer) values: [[A, B, C, D, E, F, G, H, I, J, K, L, M, N, O, P, Q, R, S, T, ...], ...]
Possible solutions: any(), any(), doCall(java.lang.String, int), dump(), find(), collect()]]></system-err>
   </testsuite>
</testsuites>
