<?xml version="1.0" encoding="UTF-8"?>
<testsuites name="SmokeTestCases" time="184" tests="1" failures="2" errors="1">
   <testsuite name="SmokeTestCases" tests="1" failures="2" errors="1" time="184" timestamp="2018-03-10 21:42:35" hostname="jsubramani - COGNICOMPRJ-V7.corp.local" id="Test Suites/SmokeTestCases">
      <properties>
         <property name="deviceName" value=""/>
         <property name="devicePlatform" value=""/>
         <property name="logFolder" value="C:\\Users\\jsubramani\\git\\Mytest\\Reports\\SmokeTestCases\\20180310_214231"/>
         <property name="logFiles" value="C:\\Users\\jsubramani\\git\\Mytest\\Reports\\SmokeTestCases\\20180310_214231\\execution0.log"/>
         <property name="attachments" value="C:\\Users\\jsubramani\\git\\Mytest\\Reports\\SmokeTestCases\\20180310_214231\\1520736227126.png, C:\\Users\\jsubramani\\git\\Mytest\\Reports\\SmokeTestCases\\20180310_214231\\1520736263443.png"/>
         <property name="hostName" value="jsubramani - COGNICOMPRJ-V7.corp.local"/>
         <property name="os" value="Windows 7 64bit"/>
         <property name="katalonVersion" value="5.3.1.1"/>
         <property name="browser" value="Chrome 64.0.3282.186"/>
         <property name="hostAddress" value="10.161.127.80"/>
         <property name="sessionId" value="a545fac54c1828fa6f3ac39cc00220ba"/>
         <property name="seleniumVersion" value="3.7.1"/>
         <property name="proxyInformation" value="ProxyInformation{proxyOption=NO_PROXY, proxyServerType=HTTP, password=, proxyServerAddress=, proxyServerPort=0}"/>
         <property name="platform" value="Windows 7"/>
      </properties>
      <testcase name="Test Cases/WebAssign_NewUser" classname="Test Cases/WebAssign_NewUser" status="FAILED">
         <failure type="FAILED" message="Unable to click on object 'Object Repository/Webassign_creation/Page_WebAssign/button_Verify Payment' (Root cause: com.kms.katalon.core.webui.exception.WebElementNotFoundException: Web element with id: 'Object Repository/Webassign_creation/Page_WebAssign/button_Verify Payment' located by 'By.xpath: //button[(text() = 'Verify Payment' or . = 'Verify Payment')]' not found)"/>
         <system-out><![CDATA[2018-03-10 21:42:36 - [TEST_CASE][FAILED] - Test Cases/WebAssign_NewUser: Test Cases/WebAssign_NewUser FAILED because (of) Unable to click on object 'Object Repository/Webassign_creation/Page_WebAssign/button_Verify Payment' (Root cause: com.kms.katalon.core.webui.exception.WebElementNotFoundException: Web element with id: 'Object Repository/Webassign_creation/Page_WebAssign/button_Verify Payment' located by 'By.xpath: //button[(text() = 'Verify Payment' or . = 'Verify Payment')]' not found)

2018-03-10 21:42:36 - [TEST_STEP][PASSED] - openBrowser: Browser is opened with url: ''

2018-03-10 21:42:48 - [MESSAGE][PASSED] - Browser is opened with url: ''

2018-03-10 21:42:48 - [TEST_STEP][PASSED] - navigateToUrl: Navigate to 'https://staging.webassign.net/wa-auth/login' successfully

2018-03-10 21:42:54 - [MESSAGE][PASSED] - Navigate to 'https://staging.webassign.net/wa-auth/login' successfully

2018-03-10 21:42:54 - [TEST_STEP][PASSED] - click: Object: 'Object Repository/Webassign_creation/Page_WebAssign/a_Enter class key' is clicked on

2018-03-10 21:42:59 - [MESSAGE][PASSED] - Object: 'Object Repository/Webassign_creation/Page_WebAssign/a_Enter class key' is clicked on

2018-03-10 21:42:59 - [TEST_STEP][PASSED] - click: Object: 'Object Repository/Webassign_creation/Page_WebAssign/div_Enroll With Class Key' is clicked on

2018-03-10 21:43:02 - [MESSAGE][PASSED] - Object: 'Object Repository/Webassign_creation/Page_WebAssign/div_Enroll With Class Key' is clicked on

2018-03-10 21:43:02 - [TEST_STEP][PASSED] - setText: Text 'webassign' is set on object 'Object Repository/Webassign_creation/Page_WebAssign/input_institution'

2018-03-10 21:43:03 - [MESSAGE][PASSED] - Text 'webassign' is set on object 'Object Repository/Webassign_creation/Page_WebAssign/input_institution'

2018-03-10 21:43:03 - [TEST_STEP][PASSED] - setText: Text '8625' is set on object 'Object Repository/Webassign_creation/Page_WebAssign/input_first'

2018-03-10 21:43:04 - [MESSAGE][PASSED] - Text '8625' is set on object 'Object Repository/Webassign_creation/Page_WebAssign/input_first'

2018-03-10 21:43:04 - [TEST_STEP][PASSED] - setText: Text '5460' is set on object 'Object Repository/Webassign_creation/Page_WebAssign/input_second'

2018-03-10 21:43:04 - [MESSAGE][PASSED] - Text '5460' is set on object 'Object Repository/Webassign_creation/Page_WebAssign/input_second'

2018-03-10 21:43:04 - [TEST_STEP][PASSED] - click: Object: 'Object Repository/Webassign_creation/Page_WebAssign/button_Enroll' is clicked on

2018-03-10 21:43:06 - [MESSAGE][PASSED] - Object: 'Object Repository/Webassign_creation/Page_WebAssign/button_Enroll' is clicked on

2018-03-10 21:43:06 - [TEST_STEP][PASSED] - click: Object: 'Object Repository/Webassign_creation/Page_WebAssign/button_Yes this is my class' is clicked on

2018-03-10 21:43:06 - [MESSAGE][PASSED] - Object: 'Object Repository/Webassign_creation/Page_WebAssign/button_Yes this is my class' is clicked on

2018-03-10 21:43:06 - [TEST_STEP][PASSED] - click: Object: 'Object Repository/Webassign_creation/Page_WebAssign/button_Create Account' is clicked on

2018-03-10 21:43:07 - [MESSAGE][PASSED] - Object: 'Object Repository/Webassign_creation/Page_WebAssign/button_Create Account' is clicked on

2018-03-10 21:43:07 - [TEST_STEP][PASSED] - setText: Text 'test2212@mailinator.com' is set on object 'Object Repository/Webassign_creation/Page_WebAssign/input_email'

2018-03-10 21:43:08 - [MESSAGE][PASSED] - Text 'test2212@mailinator.com' is set on object 'Object Repository/Webassign_creation/Page_WebAssign/input_email'

2018-03-10 21:43:08 - [TEST_STEP][PASSED] - setText: Text 'test' is set on object 'Object Repository/Webassign_creation/Page_WebAssign/input_firstName'

2018-03-10 21:43:08 - [MESSAGE][PASSED] - Text 'test' is set on object 'Object Repository/Webassign_creation/Page_WebAssign/input_firstName'

2018-03-10 21:43:08 - [TEST_STEP][PASSED] - setText: Text 'webassign' is set on object 'Object Repository/Webassign_creation/Page_WebAssign/input_lastName'

2018-03-10 21:43:09 - [MESSAGE][PASSED] - Text 'webassign' is set on object 'Object Repository/Webassign_creation/Page_WebAssign/input_lastName'

2018-03-10 21:43:09 - [TEST_STEP][PASSED] - setText: Text 'Password1' is set on object 'Object Repository/Webassign_creation/Page_WebAssign/input_password'

2018-03-10 21:43:09 - [MESSAGE][PASSED] - Text 'Password1' is set on object 'Object Repository/Webassign_creation/Page_WebAssign/input_password'

2018-03-10 21:43:09 - [TEST_STEP][PASSED] - setText: Text 'Password1' is set on object 'Object Repository/Webassign_creation/Page_WebAssign/input_confirmPassword'

2018-03-10 21:43:09 - [MESSAGE][PASSED] - Text 'Password1' is set on object 'Object Repository/Webassign_creation/Page_WebAssign/input_confirmPassword'

2018-03-10 21:43:09 - [TEST_STEP][PASSED] - click: Object: 'Object Repository/Webassign_creation/Page_WebAssign/input_agreed' is clicked on

2018-03-10 21:43:10 - [MESSAGE][PASSED] - Object: 'Object Repository/Webassign_creation/Page_WebAssign/input_agreed' is clicked on

2018-03-10 21:43:10 - [TEST_STEP][PASSED] - click: Object: 'Object Repository/Webassign_creation/Page_WebAssign/button_Create Account_1' is clicked on

2018-03-10 21:43:10 - [MESSAGE][PASSED] - Object: 'Object Repository/Webassign_creation/Page_WebAssign/button_Create Account_1' is clicked on

2018-03-10 21:43:10 - [TEST_STEP][PASSED] - delay: Delayed 2 second(s)

2018-03-10 21:43:12 - [MESSAGE][PASSED] - Delayed 2 second(s)

2018-03-10 21:43:12 - [TEST_STEP][FAILED] - click: Unable to click on object 'Object Repository/Webassign_creation/Page_WebAssign/button_Verify Payment' (Root cause: com.kms.katalon.core.webui.exception.WebElementNotFoundException: Web element with id: 'Object Repository/Webassign_creation/Page_WebAssign/button_Verify Payment' located by 'By.xpath: //button[(text() = 'Verify Payment' or . = 'Verify Payment')]' not found)

2018-03-10 21:43:47 - [MESSAGE][FAILED] - Unable to click on object 'Object Repository/Webassign_creation/Page_WebAssign/button_Verify Payment' (Root cause: com.kms.katalon.core.webui.exception.WebElementNotFoundException: Web element with id: 'Object Repository/Webassign_creation/Page_WebAssign/button_Verify Payment' located by 'By.xpath: //button[(text() = 'Verify Payment' or . = 'Verify Payment')]' not found)
[[ATTACHMENT|C:\\Users\\jsubramani\\git\\Mytest\\Reports\\SmokeTestCases\\20180310_214231\\1520736227126.png]]]]></system-out>
         <system-err><![CDATA[2018-03-10 21:42:36 - [TEST_CASE][FAILED] - Test Cases/WebAssign_NewUser: Test Cases/WebAssign_NewUser FAILED because (of) Unable to click on object 'Object Repository/Webassign_creation/Page_WebAssign/button_Verify Payment' (Root cause: com.kms.katalon.core.webui.exception.WebElementNotFoundException: Web element with id: 'Object Repository/Webassign_creation/Page_WebAssign/button_Verify Payment' located by 'By.xpath: //button[(text() = 'Verify Payment' or . = 'Verify Payment')]' not found)]]></system-err>
      </testcase>
      <testcase name="Test Cases/Student_Reg" classname="Test Cases/Student_Reg" status="PASSED">
         <system-out><![CDATA[2018-03-10 21:43:47 - [TEST_CASE][PASSED] - Test Cases/Student_Reg: Test Cases/Student_Reg

2018-03-10 21:43:48 - [TEST_STEP][PASSED] - openBrowser: Browser is opened with url: ''

2018-03-10 21:43:48 - [MESSAGE][WARNING] - A browser is already opened. Closing browser and opening a new one

2018-03-10 21:43:51 - [MESSAGE][PASSED] - Browser is opened with url: ''

2018-03-10 21:43:51 - [TEST_STEP][PASSED] - navigateToUrl: Navigate to 'https://qa-login.cengage.com/cb/login.htm?app=cmp&targeturl=https://s-www.cengage.com/' successfully

2018-03-10 21:43:59 - [MESSAGE][PASSED] - Navigate to 'https://qa-login.cengage.com/cb/login.htm?app=cmp&targeturl=https://s-www.cengage.com/' successfully

2018-03-10 21:43:59 - [TEST_STEP][PASSED] - maximizeWindow: Current window maximized

2018-03-10 21:44:00 - [MESSAGE][PASSED] - Current window maximized

2018-03-10 21:44:00 - [TEST_STEP][PASSED] - Statement - ran = new java.util.Random(): null

2018-03-10 21:44:00 - [TEST_STEP][PASSED] - Statement - t = ran.nextInt(100): null

2018-03-10 21:44:00 - [TEST_STEP][PASSED] - click: Object: 'Object Repository/Student_Registration/Page_CengageBrain - Login or Regist/a_Create a new account' is clicked on

2018-03-10 21:44:00 - [MESSAGE][PASSED] - Object: 'Object Repository/Student_Registration/Page_CengageBrain - Login or Regist/a_Create a new account' is clicked on

2018-03-10 21:44:00 - [TEST_STEP][PASSED] - click: Object: 'Object Repository/Student_Registration/Page_Cengage/a_Student' is clicked on

2018-03-10 21:44:02 - [MESSAGE][PASSED] - Object: 'Object Repository/Student_Registration/Page_Cengage/a_Student' is clicked on

2018-03-10 21:44:02 - [TEST_STEP][PASSED] - setText: Text 'test83@mailinator.com' is set on object 'Object Repository/Student_Registration/Page_CengageBrain - Login or Regist/input_email'

2018-03-10 21:44:02 - [MESSAGE][PASSED] - Text 'test83@mailinator.com' is set on object 'Object Repository/Student_Registration/Page_CengageBrain - Login or Regist/input_email'

2018-03-10 21:44:02 - [TEST_STEP][PASSED] - click: Object: 'Object Repository/Student_Registration/Page_CengageBrain - New Student Reg/a_Create my account' is clicked on

2018-03-10 21:44:03 - [MESSAGE][PASSED] - Object: 'Object Repository/Student_Registration/Page_CengageBrain - New Student Reg/a_Create my account' is clicked on

2018-03-10 21:44:03 - [TEST_STEP][PASSED] - setText: Text 'test' is set on object 'Object Repository/Student_Registration/Page_CengageBrain - New Student Reg/input_fname'

2018-03-10 21:44:04 - [MESSAGE][PASSED] - Text 'test' is set on object 'Object Repository/Student_Registration/Page_CengageBrain - New Student Reg/input_fname'

2018-03-10 21:44:04 - [TEST_STEP][PASSED] - setText: Text 'test' is set on object 'Object Repository/Student_Registration/Page_CengageBrain - New Student Reg/input_lname'

2018-03-10 21:44:04 - [MESSAGE][PASSED] - Text 'test' is set on object 'Object Repository/Student_Registration/Page_CengageBrain - New Student Reg/input_lname'

2018-03-10 21:44:04 - [TEST_STEP][PASSED] - setText: Text 'Password1' is set on object 'Object Repository/Student_Registration/Page_CengageBrain - New Student Reg/input_password'

2018-03-10 21:44:05 - [MESSAGE][PASSED] - Text 'Password1' is set on object 'Object Repository/Student_Registration/Page_CengageBrain - New Student Reg/input_password'

2018-03-10 21:44:05 - [TEST_STEP][PASSED] - setText: Text 'Password1' is set on object 'Object Repository/Student_Registration/Page_CengageBrain - New Student Reg/input_confirmPassword'

2018-03-10 21:44:05 - [MESSAGE][PASSED] - Text 'Password1' is set on object 'Object Repository/Student_Registration/Page_CengageBrain - New Student Reg/input_confirmPassword'

2018-03-10 21:44:05 - [TEST_STEP][PASSED] - click: Object: 'Object Repository/Student_Registration/Page_CengageBrain - New Student Reg/i_questionSelectBoxItArrow' is clicked on

2018-03-10 21:44:05 - [MESSAGE][PASSED] - Object: 'Object Repository/Student_Registration/Page_CengageBrain - New Student Reg/i_questionSelectBoxItArrow' is clicked on

2018-03-10 21:44:05 - [TEST_STEP][PASSED] - delay: Delayed 2 second(s)

2018-03-10 21:44:07 - [MESSAGE][PASSED] - Delayed 2 second(s)

2018-03-10 21:44:07 - [TEST_STEP][PASSED] - click: Object: 'Object Repository/Page_CengageBrain - New Student Reg/a_What is your mothers maiden' is clicked on

2018-03-10 21:44:07 - [MESSAGE][PASSED] - Object: 'Object Repository/Page_CengageBrain - New Student Reg/a_What is your mothers maiden' is clicked on

2018-03-10 21:44:07 - [TEST_STEP][PASSED] - setText: Text 'test' is set on object 'Object Repository/Student_Registration/Page_CengageBrain - New Student Reg/input_answer'

2018-03-10 21:44:08 - [MESSAGE][PASSED] - Text 'test' is set on object 'Object Repository/Student_Registration/Page_CengageBrain - New Student Reg/input_answer'

2018-03-10 21:44:08 - [TEST_STEP][PASSED] - click: Object: 'Object Repository/Student_Registration/Page_CengageBrain - New Student Reg/input_acceptEULA' is clicked on

2018-03-10 21:44:08 - [MESSAGE][PASSED] - Object: 'Object Repository/Student_Registration/Page_CengageBrain - New Student Reg/input_acceptEULA' is clicked on

2018-03-10 21:44:08 - [TEST_STEP][PASSED] - click: Object: 'Object Repository/Student_Registration/Page_CengageBrain - New Student Reg/input_receiveNews' is clicked on

2018-03-10 21:44:08 - [MESSAGE][PASSED] - Object: 'Object Repository/Student_Registration/Page_CengageBrain - New Student Reg/input_receiveNews' is clicked on

2018-03-10 21:44:08 - [TEST_STEP][PASSED] - click: Object: 'Object Repository/Purchase_Newuser_SSO/Page_CengageBrain - New Student Reg/a_Create my account' is clicked on

2018-03-10 21:44:09 - [MESSAGE][PASSED] - Object: 'Object Repository/Purchase_Newuser_SSO/Page_CengageBrain - New Student Reg/a_Create my account' is clicked on

2018-03-10 21:44:09 - [TEST_STEP][PASSED] - click: Object: 'Object Repository/Student_Registration/Page_CengageBrain - Find your insti/i_locationSelectBoxItArrow' is clicked on

2018-03-10 21:44:09 - [MESSAGE][PASSED] - Object: 'Object Repository/Student_Registration/Page_CengageBrain - Find your insti/i_locationSelectBoxItArrow' is clicked on

2018-03-10 21:44:09 - [TEST_STEP][PASSED] - delay: Delayed 1 second(s)

2018-03-10 21:44:10 - [MESSAGE][PASSED] - Delayed 1 second(s)

2018-03-10 21:44:10 - [TEST_STEP][PASSED] - click: Object: 'Object Repository/Page_CengageBrain - New Student Reg/Country' is clicked on

2018-03-10 21:44:11 - [MESSAGE][PASSED] - Object: 'Object Repository/Page_CengageBrain - New Student Reg/Country' is clicked on

2018-03-10 21:44:11 - [TEST_STEP][PASSED] - click: Object: 'Object Repository/Student_Registration/Page_CengageBrain - Find your insti/i_institutionTypeSelectBoxItAr' is clicked on

2018-03-10 21:44:11 - [MESSAGE][PASSED] - Object: 'Object Repository/Student_Registration/Page_CengageBrain - Find your insti/i_institutionTypeSelectBoxItAr' is clicked on

2018-03-10 21:44:11 - [TEST_STEP][PASSED] - delay: Delayed 1 second(s)

2018-03-10 21:44:12 - [MESSAGE][PASSED] - Delayed 1 second(s)

2018-03-10 21:44:12 - [TEST_STEP][PASSED] - click: Object: 'Object Repository/Page_CengageBrain - New Student Reg/Year College' is clicked on

2018-03-10 21:44:12 - [MESSAGE][PASSED] - Object: 'Object Repository/Page_CengageBrain - New Student Reg/Year College' is clicked on

2018-03-10 21:44:12 - [TEST_STEP][PASSED] - click: Object: 'Object Repository/Student_Registration/Page_CengageBrain - Find your insti/i_radiusSelectBoxItArrow' is clicked on

2018-03-10 21:44:12 - [MESSAGE][PASSED] - Object: 'Object Repository/Student_Registration/Page_CengageBrain - Find your insti/i_radiusSelectBoxItArrow' is clicked on

2018-03-10 21:44:12 - [TEST_STEP][PASSED] - delay: Delayed 1 second(s)

2018-03-10 21:44:13 - [MESSAGE][PASSED] - Delayed 1 second(s)

2018-03-10 21:44:13 - [TEST_STEP][PASSED] - click: Object: 'Object Repository/Page_CengageBrain - New Student Reg/Range' is clicked on

2018-03-10 21:44:14 - [MESSAGE][PASSED] - Object: 'Object Repository/Page_CengageBrain - New Student Reg/Range' is clicked on

2018-03-10 21:44:14 - [TEST_STEP][PASSED] - click: Object: 'Object Repository/Student_Registration/Page_CengageBrain - Find your insti/div_Enter your zipcode' is clicked on

2018-03-10 21:44:14 - [MESSAGE][PASSED] - Object: 'Object Repository/Student_Registration/Page_CengageBrain - Find your insti/div_Enter your zipcode' is clicked on

2018-03-10 21:44:14 - [TEST_STEP][PASSED] - delay: Delayed 1 second(s)

2018-03-10 21:44:15 - [MESSAGE][PASSED] - Delayed 1 second(s)

2018-03-10 21:44:15 - [TEST_STEP][PASSED] - setText: Text '45040' is set on object 'Object Repository/Student_Registration/Page_CengageBrain - Find your insti/input_zipcode'

2018-03-10 21:44:15 - [MESSAGE][PASSED] - Text '45040' is set on object 'Object Repository/Student_Registration/Page_CengageBrain - Find your insti/input_zipcode'

2018-03-10 21:44:15 - [TEST_STEP][PASSED] - click: Object: 'Object Repository/Student_Registration/Page_CengageBrain - Find your insti/a_Find' is clicked on

2018-03-10 21:44:16 - [MESSAGE][PASSED] - Object: 'Object Repository/Student_Registration/Page_CengageBrain - Find your insti/a_Find' is clicked on

2018-03-10 21:44:16 - [TEST_STEP][PASSED] - click: Object: 'Object Repository/Student_Registration/Page_CengageBrain - Select your ins/input_institutionId' is clicked on

2018-03-10 21:44:16 - [MESSAGE][PASSED] - Object: 'Object Repository/Student_Registration/Page_CengageBrain - Select your ins/input_institutionId' is clicked on

2018-03-10 21:44:16 - [TEST_STEP][PASSED] - click: Object: 'Object Repository/Student_Registration/Page_CengageBrain - Select your ins/a_Continue' is clicked on

2018-03-10 21:44:21 - [MESSAGE][PASSED] - Object: 'Object Repository/Student_Registration/Page_CengageBrain - Select your ins/a_Continue' is clicked on

2018-03-10 21:44:21 - [TEST_STEP][PASSED] - switchToWindowTitle: Switched to window with title: 'Cengage'

2018-03-10 21:44:22 - [MESSAGE][PASSED] - Switched to window with title: 'Cengage'

2018-03-10 21:44:22 - [TEST_STEP][PASSED] - click: Object: 'Object Repository/Student_Registration/Page_Cengage/h2_MY PRODUCTS' is clicked on

2018-03-10 21:44:23 - [MESSAGE][PASSED] - Object: 'Object Repository/Student_Registration/Page_Cengage/h2_MY PRODUCTS' is clicked on

2018-03-10 21:44:23 - [TEST_STEP][PASSED] - takeScreenshot: Taking screenshot successfully

2018-03-10 21:44:24 - [MESSAGE][PASSED] - Taking screenshot successfully
[[ATTACHMENT|C:\\Users\\jsubramani\\git\\Mytest\\Reports\\SmokeTestCases\\20180310_214231\\1520736263443.png]]]]></system-out>
         <system-err><![CDATA[]]></system-err>
      </testcase>
      <testcase name="Test Cases/existing user" classname="Test Cases/existing user" status="FAILED">
         <failure type="FAILED" message="Unable to click on object 'Object Repository/Purchase_Existinguser/Page_CengageUS - Shipping and Billi/a_YES use it anyway' (Root cause: org.openqa.selenium.WebDriverException: chrome not reachable
  (Session info: chrome=64.0.3282.186)
  (Driver info: chromedriver=2.35.528161 (5b82f2d2aae0ca24b877009200ced9065a772e73),platform=Windows NT 6.1.7601 SP1 x86_64) (WARNING: The server did not provide any stacktrace information)
Command duration or timeout: 0 milliseconds
Build info: version: '3.7.1', revision: '8a0099a', time: '2017-11-06T21:07:36.161Z'
System info: host: 'COGNICOMPRJ-V7', ip: '10.161.127.80', os.name: 'Windows 7', os.arch: 'amd64', os.version: '6.1', java.version: '1.8.0_102'
Driver info: com.kms.katalon.selenium.driver.CChromeDriver
Capabilities {acceptInsecureCerts: false, acceptSslCerts: false, applicationCacheEnabled: false, browserConnectionEnabled: false, browserName: chrome, chrome: {chromedriverVersion: 2.35.528161 (5b82f2d2aae0ca..., userDataDir: C:\Users\JSUBRA~1\AppData\L...}, cssSelectorsEnabled: true, databaseEnabled: false, handlesAlerts: true, hasTouchScreen: false, javascriptEnabled: true, locationContextEnabled: true, mobileEmulationEnabled: false, nativeEvents: true, networkConnectionEnabled: false, pageLoadStrategy: normal, platform: XP, platformName: XP, rotatable: false, setWindowRect: true, takesHeapSnapshot: true, takesScreenshot: true, unexpectedAlertBehaviour: , unhandledPromptBehavior: , version: 64.0.3282.186, webStorageEnabled: true}
Session ID: a0ed1fc47549b3422c0d0f5b10088aa7
*** Element info: {Using=xpath, value=//a[(text() = 'YES, use it anyway' or . = 'YES, use it anyway')]})"/>
         <system-out><![CDATA[2018-03-10 21:44:24 - [TEST_CASE][FAILED] - Test Cases/existing user: Test Cases/existing user FAILED because (of) Unable to click on object 'Object Repository/Purchase_Existinguser/Page_CengageUS - Shipping and Billi/a_YES use it anyway' (Root cause: org.openqa.selenium.WebDriverException: chrome not reachable
  (Session info: chrome=64.0.3282.186)
  (Driver info: chromedriver=2.35.528161 (5b82f2d2aae0ca24b877009200ced9065a772e73),platform=Windows NT 6.1.7601 SP1 x86_64) (WARNING: The server did not provide any stacktrace information)
Command duration or timeout: 0 milliseconds
Build info: version: '3.7.1', revision: '8a0099a', time: '2017-11-06T21:07:36.161Z'
System info: host: 'COGNICOMPRJ-V7', ip: '10.161.127.80', os.name: 'Windows 7', os.arch: 'amd64', os.version: '6.1', java.version: '1.8.0_102'
Driver info: com.kms.katalon.selenium.driver.CChromeDriver
Capabilities {acceptInsecureCerts: false, acceptSslCerts: false, applicationCacheEnabled: false, browserConnectionEnabled: false, browserName: chrome, chrome: {chromedriverVersion: 2.35.528161 (5b82f2d2aae0ca..., userDataDir: C:\Users\JSUBRA~1\AppData\L...}, cssSelectorsEnabled: true, databaseEnabled: false, handlesAlerts: true, hasTouchScreen: false, javascriptEnabled: true, locationContextEnabled: true, mobileEmulationEnabled: false, nativeEvents: true, networkConnectionEnabled: false, pageLoadStrategy: normal, platform: XP, platformName: XP, rotatable: false, setWindowRect: true, takesHeapSnapshot: true, takesScreenshot: true, unexpectedAlertBehaviour: , unhandledPromptBehavior: , version: 64.0.3282.186, webStorageEnabled: true}
Session ID: a0ed1fc47549b3422c0d0f5b10088aa7
*** Element info: {Using=xpath, value=//a[(text() = 'YES, use it anyway' or . = 'YES, use it anyway')]})

2018-03-10 21:44:24 - [TEST_STEP][PASSED] - openBrowser: Browser is opened with url: ''

2018-03-10 21:44:24 - [MESSAGE][WARNING] - A browser is already opened. Closing browser and opening a new one

2018-03-10 21:44:28 - [MESSAGE][PASSED] - Browser is opened with url: ''

2018-03-10 21:44:28 - [TEST_STEP][PASSED] - navigateToUrl: Navigate to 'https://s-www.cengage.com/' successfully

2018-03-10 21:44:31 - [MESSAGE][PASSED] - Navigate to 'https://s-www.cengage.com/' successfully

2018-03-10 21:44:31 - [TEST_STEP][PASSED] - click: Object: 'Object Repository/Purchase_Existinguser/Page_Higher Ed eBooks  Digital Lear (1)/a_Sign In' is clicked on

2018-03-10 21:44:33 - [MESSAGE][PASSED] - Object: 'Object Repository/Purchase_Existinguser/Page_Higher Ed eBooks  Digital Lear (1)/a_Sign In' is clicked on

2018-03-10 21:44:33 - [TEST_STEP][PASSED] - setText: Text 'test@mailinator.com' is set on object 'Object Repository/Purchase_Existinguser/Page_Cengage (1)/input_email'

2018-03-10 21:44:33 - [MESSAGE][PASSED] - Text 'test@mailinator.com' is set on object 'Object Repository/Purchase_Existinguser/Page_Cengage (1)/input_email'

2018-03-10 21:44:33 - [TEST_STEP][PASSED] - setText: Text 'Password1' is set on object 'Object Repository/Purchase_Existinguser/Page_Cengage (1)/input_password'

2018-03-10 21:44:33 - [MESSAGE][PASSED] - Text 'Password1' is set on object 'Object Repository/Purchase_Existinguser/Page_Cengage (1)/input_password'

2018-03-10 21:44:33 - [TEST_STEP][PASSED] - click: Object: 'Object Repository/Purchase_Existinguser/Page_Cengage (1)/button_Sign In' is clicked on

2018-03-10 21:44:36 - [MESSAGE][PASSED] - Object: 'Object Repository/Purchase_Existinguser/Page_Cengage (1)/button_Sign In' is clicked on

2018-03-10 21:44:36 - [TEST_STEP][PASSED] - click: Object: 'Object Repository/Purchase_Existinguser/Page_Higher Ed eBooks  Digital Lear (1)/a_Students' is clicked on

2018-03-10 21:44:39 - [MESSAGE][PASSED] - Object: 'Object Repository/Purchase_Existinguser/Page_Higher Ed eBooks  Digital Lear (1)/a_Students' is clicked on

2018-03-10 21:44:39 - [TEST_STEP][PASSED] - click: Object: 'Object Repository/Purchase_Existinguser/Page_Higher Ed eBooks  Digital Lear (1)/searchbox' is clicked on

2018-03-10 21:44:40 - [MESSAGE][PASSED] - Object: 'Object Repository/Purchase_Existinguser/Page_Higher Ed eBooks  Digital Lear (1)/searchbox' is clicked on

2018-03-10 21:44:40 - [TEST_STEP][PASSED] - setText: Text 'science' is set on object 'Object Repository/Purchase_Existinguser/Page_Higher Ed eBooks  Digital Lear (1)/input_q'

2018-03-10 21:44:40 - [MESSAGE][PASSED] - Text 'science' is set on object 'Object Repository/Purchase_Existinguser/Page_Higher Ed eBooks  Digital Lear (1)/input_q'

2018-03-10 21:44:40 - [TEST_STEP][PASSED] - click: Object: 'Object Repository/Purchase_Existinguser/Page_Higher Ed eBooks  Digital Lear (1)/svg' is clicked on

2018-03-10 21:44:44 - [MESSAGE][PASSED] - Object: 'Object Repository/Purchase_Existinguser/Page_Higher Ed eBooks  Digital Lear (1)/svg' is clicked on

2018-03-10 21:44:44 - [TEST_STEP][PASSED] - click: Object: 'Object Repository/Purchase_Existinguser/Page_science - Cengage (1)/a_Science Stories Science Meth' is clicked on

2018-03-10 21:44:46 - [MESSAGE][PASSED] - Object: 'Object Repository/Purchase_Existinguser/Page_science - Cengage (1)/a_Science Stories Science Meth' is clicked on

2018-03-10 21:44:46 - [TEST_STEP][PASSED] - click: Object: 'Object Repository/Purchase_Existinguser/Page_Science Stories Science Method (1)/button_Add to Cart' is clicked on

2018-03-10 21:44:47 - [MESSAGE][PASSED] - Object: 'Object Repository/Purchase_Existinguser/Page_Science Stories Science Method (1)/button_Add to Cart' is clicked on

2018-03-10 21:44:47 - [TEST_STEP][PASSED] - click: Object: 'Object Repository/Purchase_Existinguser/Page_Science Stories Science Method (1)/a_here' is clicked on

2018-03-10 21:45:04 - [MESSAGE][PASSED] - Object: 'Object Repository/Purchase_Existinguser/Page_Science Stories Science Method (1)/a_here' is clicked on

2018-03-10 21:45:04 - [TEST_STEP][FAILED] - click: Unable to click on object 'Object Repository/Purchase_Existinguser/Page_CengageUS - Shipping and Billi/a_YES use it anyway' (Root cause: org.openqa.selenium.WebDriverException: chrome not reachable
  (Session info: chrome=64.0.3282.186)
  (Driver info: chromedriver=2.35.528161 (5b82f2d2aae0ca24b877009200ced9065a772e73),platform=Windows NT 6.1.7601 SP1 x86_64) (WARNING: The server did not provide any stacktrace information)
Command duration or timeout: 0 milliseconds
Build info: version: '3.7.1', revision: '8a0099a', time: '2017-11-06T21:07:36.161Z'
System info: host: 'COGNICOMPRJ-V7', ip: '10.161.127.80', os.name: 'Windows 7', os.arch: 'amd64', os.version: '6.1', java.version: '1.8.0_102'
Driver info: com.kms.katalon.selenium.driver.CChromeDriver
Capabilities {acceptInsecureCerts: false, acceptSslCerts: false, applicationCacheEnabled: false, browserConnectionEnabled: false, browserName: chrome, chrome: {chromedriverVersion: 2.35.528161 (5b82f2d2aae0ca..., userDataDir: C:\Users\JSUBRA~1\AppData\L...}, cssSelectorsEnabled: true, databaseEnabled: false, handlesAlerts: true, hasTouchScreen: false, javascriptEnabled: true, locationContextEnabled: true, mobileEmulationEnabled: false, nativeEvents: true, networkConnectionEnabled: false, pageLoadStrategy: normal, platform: XP, platformName: XP, rotatable: false, setWindowRect: true, takesHeapSnapshot: true, takesScreenshot: true, unexpectedAlertBehaviour: , unhandledPromptBehavior: , version: 64.0.3282.186, webStorageEnabled: true}
Session ID: a0ed1fc47549b3422c0d0f5b10088aa7
*** Element info: {Using=xpath, value=//a[(text() = 'YES, use it anyway' or . = 'YES, use it anyway')]})

2018-03-10 21:45:31 - [MESSAGE][WARNING] - Cannot take screenshot

2018-03-10 21:45:31 - [MESSAGE][FAILED] - Unable to click on object 'Object Repository/Purchase_Existinguser/Page_CengageUS - Shipping and Billi/a_YES use it anyway' (Root cause: org.openqa.selenium.WebDriverException: chrome not reachable
  (Session info: chrome=64.0.3282.186)
  (Driver info: chromedriver=2.35.528161 (5b82f2d2aae0ca24b877009200ced9065a772e73),platform=Windows NT 6.1.7601 SP1 x86_64) (WARNING: The server did not provide any stacktrace information)
Command duration or timeout: 0 milliseconds
Build info: version: '3.7.1', revision: '8a0099a', time: '2017-11-06T21:07:36.161Z'
System info: host: 'COGNICOMPRJ-V7', ip: '10.161.127.80', os.name: 'Windows 7', os.arch: 'amd64', os.version: '6.1', java.version: '1.8.0_102'
Driver info: com.kms.katalon.selenium.driver.CChromeDriver
Capabilities {acceptInsecureCerts: false, acceptSslCerts: false, applicationCacheEnabled: false, browserConnectionEnabled: false, browserName: chrome, chrome: {chromedriverVersion: 2.35.528161 (5b82f2d2aae0ca..., userDataDir: C:\Users\JSUBRA~1\AppData\L...}, cssSelectorsEnabled: true, databaseEnabled: false, handlesAlerts: true, hasTouchScreen: false, javascriptEnabled: true, locationContextEnabled: true, mobileEmulationEnabled: false, nativeEvents: true, networkConnectionEnabled: false, pageLoadStrategy: normal, platform: XP, platformName: XP, rotatable: false, setWindowRect: true, takesHeapSnapshot: true, takesScreenshot: true, unexpectedAlertBehaviour: , unhandledPromptBehavior: , version: 64.0.3282.186, webStorageEnabled: true}
Session ID: a0ed1fc47549b3422c0d0f5b10088aa7
*** Element info: {Using=xpath, value=//a[(text() = 'YES, use it anyway' or . = 'YES, use it anyway')]})]]></system-out>
         <system-err><![CDATA[2018-03-10 21:44:24 - [TEST_CASE][FAILED] - Test Cases/existing user: Test Cases/existing user FAILED because (of) Unable to click on object 'Object Repository/Purchase_Existinguser/Page_CengageUS - Shipping and Billi/a_YES use it anyway' (Root cause: org.openqa.selenium.WebDriverException: chrome not reachable
  (Session info: chrome=64.0.3282.186)
  (Driver info: chromedriver=2.35.528161 (5b82f2d2aae0ca24b877009200ced9065a772e73),platform=Windows NT 6.1.7601 SP1 x86_64) (WARNING: The server did not provide any stacktrace information)
Command duration or timeout: 0 milliseconds
Build info: version: '3.7.1', revision: '8a0099a', time: '2017-11-06T21:07:36.161Z'
System info: host: 'COGNICOMPRJ-V7', ip: '10.161.127.80', os.name: 'Windows 7', os.arch: 'amd64', os.version: '6.1', java.version: '1.8.0_102'
Driver info: com.kms.katalon.selenium.driver.CChromeDriver
Capabilities {acceptInsecureCerts: false, acceptSslCerts: false, applicationCacheEnabled: false, browserConnectionEnabled: false, browserName: chrome, chrome: {chromedriverVersion: 2.35.528161 (5b82f2d2aae0ca..., userDataDir: C:\Users\JSUBRA~1\AppData\L...}, cssSelectorsEnabled: true, databaseEnabled: false, handlesAlerts: true, hasTouchScreen: false, javascriptEnabled: true, locationContextEnabled: true, mobileEmulationEnabled: false, nativeEvents: true, networkConnectionEnabled: false, pageLoadStrategy: normal, platform: XP, platformName: XP, rotatable: false, setWindowRect: true, takesHeapSnapshot: true, takesScreenshot: true, unexpectedAlertBehaviour: , unhandledPromptBehavior: , version: 64.0.3282.186, webStorageEnabled: true}
Session ID: a0ed1fc47549b3422c0d0f5b10088aa7
*** Element info: {Using=xpath, value=//a[(text() = 'YES, use it anyway' or . = 'YES, use it anyway')]})]]></system-err>
      </testcase>
      <testcase name="Test Cases/Purchase_newuser_Accesscode" classname="Test Cases/Purchase_newuser_Accesscode" status="ERROR">
         <error type="ERROR" message="Test Cases/Purchase_newuser_Accesscode FAILED because (of) groovy.lang.MissingMethodException: No signature of method: static com.kms.katalon.core.webui.keyword.WebUiBuiltInKeywords.click() is applicable for argument types: (java.lang.String) values: [//button[text()=Create an Account]]
Possible solutions: click(com.kms.katalon.core.testobject.TestObject), click(com.kms.katalon.core.testobject.TestObject, com.kms.katalon.core.model.FailureHandling), check(com.kms.katalon.core.testobject.TestObject), back(), back(com.kms.katalon.core.model.FailureHandling), check(com.kms.katalon.core.testobject.TestObject, com.kms.katalon.core.model.FailureHandling)"/>
         <system-out><![CDATA[2018-03-10 21:45:31 - [TEST_CASE][ERROR] - Test Cases/Purchase_newuser_Accesscode: Test Cases/Purchase_newuser_Accesscode FAILED because (of) groovy.lang.MissingMethodException: No signature of method: static com.kms.katalon.core.webui.keyword.WebUiBuiltInKeywords.click() is applicable for argument types: (java.lang.String) values: [//button[text()=Create an Account]]
Possible solutions: click(com.kms.katalon.core.testobject.TestObject), click(com.kms.katalon.core.testobject.TestObject, com.kms.katalon.core.model.FailureHandling), check(com.kms.katalon.core.testobject.TestObject), back(), back(com.kms.katalon.core.model.FailureHandling), check(com.kms.katalon.core.testobject.TestObject, com.kms.katalon.core.model.FailureHandling)

2018-03-10 21:45:32 - [TEST_STEP][PASSED] - openBrowser: Browser is opened with url: ''

2018-03-10 21:45:32 - [MESSAGE][WARNING] - A browser is already opened. Closing browser and opening a new one

2018-03-10 21:45:36 - [MESSAGE][PASSED] - Browser is opened with url: ''

2018-03-10 21:45:36 - [TEST_STEP][PASSED] - navigateToUrl: Navigate to 'https://qa-login.cengage.com/cb/login.htm?app=cmp&targeturl=https://s-www.cengage.com/' successfully

2018-03-10 21:45:38 - [MESSAGE][PASSED] - Navigate to 'https://qa-login.cengage.com/cb/login.htm?app=cmp&targeturl=https://s-www.cengage.com/' successfully

2018-03-10 21:45:38 - [TEST_STEP][PASSED] - click: null]]></system-out>
         <system-err><![CDATA[2018-03-10 21:45:31 - [TEST_CASE][ERROR] - Test Cases/Purchase_newuser_Accesscode: Test Cases/Purchase_newuser_Accesscode FAILED because (of) groovy.lang.MissingMethodException: No signature of method: static com.kms.katalon.core.webui.keyword.WebUiBuiltInKeywords.click() is applicable for argument types: (java.lang.String) values: [//button[text()=Create an Account]]
Possible solutions: click(com.kms.katalon.core.testobject.TestObject), click(com.kms.katalon.core.testobject.TestObject, com.kms.katalon.core.model.FailureHandling), check(com.kms.katalon.core.testobject.TestObject), back(), back(com.kms.katalon.core.model.FailureHandling), check(com.kms.katalon.core.testobject.TestObject, com.kms.katalon.core.model.FailureHandling)]]></system-err>
      </testcase>
      <system-out><![CDATA[2018-03-10 21:42:35 - [TEST_SUITE][FAILED] - SmokeTestCases: Test Cases/WebAssign_NewUser FAILED because (of) Unable to click on object 'Object Repository/Webassign_creation/Page_WebAssign/button_Verify Payment' (Root cause: com.kms.katalon.core.webui.exception.WebElementNotFoundException: Web element with id: 'Object Repository/Webassign_creation/Page_WebAssign/button_Verify Payment' located by 'By.xpath: //button[(text() = 'Verify Payment' or . = 'Verify Payment')]' not found)]]></system-out>
      <system-err><![CDATA[2018-03-10 21:42:35 - [TEST_SUITE][FAILED] - SmokeTestCases: Test Cases/WebAssign_NewUser FAILED because (of) Unable to click on object 'Object Repository/Webassign_creation/Page_WebAssign/button_Verify Payment' (Root cause: com.kms.katalon.core.webui.exception.WebElementNotFoundException: Web element with id: 'Object Repository/Webassign_creation/Page_WebAssign/button_Verify Payment' located by 'By.xpath: //button[(text() = 'Verify Payment' or . = 'Verify Payment')]' not found)]]></system-err>
   </testsuite>
</testsuites>
